<?xml version="1.0" encoding="UTF-8"?>
<testng-results skipped="0" failed="0" total="1" passed="1">
  <reporter-output>
  </reporter-output>
  <suite name="Default suite" duration-ms="14976" started-at="2020-06-16T16:07:48Z" finished-at="2020-06-16T16:08:03Z">
    <groups>
    </groups>
    <test name="Default test" duration-ms="14976" started-at="2020-06-16T16:07:48Z" finished-at="2020-06-16T16:08:03Z">
      <class name="Test.Lunchwebap">
        <test-method status="PASS" signature="LunchURL()[pri:0, instance:Test.Lunchwebap@2aafb23c]" name="LunchURL" is-config="true" duration-ms="11300" started-at="2020-06-16T21:37:48Z" finished-at="2020-06-16T21:37:59Z">
          <reporter-output>
          </reporter-output>
        </test-method> <!-- LunchURL -->
        <test-method status="PASS" signature="Login()[pri:1, instance:Test.Lunchwebap@2aafb23c]" name="Login" duration-ms="3654" started-at="2020-06-16T21:37:59Z" finished-at="2020-06-16T21:38:03Z">
          <reporter-output>
          </reporter-output>
        </test-method> <!-- Login -->
      </class> <!-- Test.Lunchwebap -->
    </test> <!-- Default test -->
  </suite> <!-- Default suite -->
</testng-results>
